[12-Sep-2018 21:46:12 UTC] PHP Fatal error:  Allowed memory size of 134217728 bytes exhausted (tried to allocate 90 bytes) in /home/ubuntu/workspace/cst336/labs/lab2/index.php on line 9
[12-Sep-2018 21:46:12 UTC] PHP Stack trace:
[12-Sep-2018 21:46:12 UTC] PHP   1. {main}() /home/ubuntu/workspace/cst336/labs/lab2/index.php:0
[12-Sep-2018 21:47:29 UTC] PHP Fatal error:  Allowed memory size of 134217728 bytes exhausted (tried to allocate 90 bytes) in /home/ubuntu/workspace/cst336/labs/lab2/index.php on line 9
[12-Sep-2018 21:47:29 UTC] PHP Stack trace:
[12-Sep-2018 21:47:29 UTC] PHP   1. {main}() /home/ubuntu/workspace/cst336/labs/lab2/index.php:0
[12-Sep-2018 21:49:16 UTC] PHP Fatal error:  Allowed memory size of 134217728 bytes exhausted (tried to allocate 90 bytes) in /home/ubuntu/workspace/cst336/labs/lab2/index.php on line 9
[12-Sep-2018 21:49:16 UTC] PHP Stack trace:
[12-Sep-2018 21:49:16 UTC] PHP   1. {main}() /home/ubuntu/workspace/cst336/labs/lab2/index.php:0
[12-Sep-2018 21:57:41 UTC] PHP Fatal error:  Call to undefined function displayValue() in /home/ubuntu/workspace/cst336/labs/lab2/index.php on line 11
[12-Sep-2018 21:57:41 UTC] PHP Stack trace:
[12-Sep-2018 21:57:41 UTC] PHP   1. {main}() /home/ubuntu/workspace/cst336/labs/lab2/index.php:0
[12-Sep-2018 22:10:26 UTC] PHP Fatal error:  Call to undefined function play() in /home/ubuntu/workspace/cst336/labs/lab2/index.php on line 11
[12-Sep-2018 22:10:26 UTC] PHP Stack trace:
[12-Sep-2018 22:10:26 UTC] PHP   1. {main}() /home/ubuntu/workspace/cst336/labs/lab2/index.php:0
[03-Oct-2018 21:32:43 UTC] PHP Parse error:  syntax error, unexpected ')' in /home/ubuntu/workspace/cst336/labs/lab4/index.php on line 64
[03-Oct-2018 21:53:43 UTC] PHP Fatal error:  Maximum execution time of 300 seconds exceeded in /home/ubuntu/workspace/cst336/labs/lab4/index.php on line 60
[03-Oct-2018 21:53:43 UTC] PHP Stack trace:
[03-Oct-2018 21:53:43 UTC] PHP   1. {main}() /home/ubuntu/workspace/cst336/labs/lab4/index.php:0
[03-Oct-2018 21:53:43 UTC] PHP   2. array_rand() /home/ubuntu/workspace/cst336/labs/lab4/index.php:60
[03-Oct-2018 21:54:08 UTC] PHP Fatal error:  Maximum execution time of 300 seconds exceeded in /home/ubuntu/workspace/cst336/labs/lab4/index.php on line 60
[03-Oct-2018 21:54:08 UTC] PHP Stack trace:
[03-Oct-2018 21:54:08 UTC] PHP   1. {main}() /home/ubuntu/workspace/cst336/labs/lab4/index.php:0
[03-Oct-2018 21:54:08 UTC] PHP   2. array_rand() /home/ubuntu/workspace/cst336/labs/lab4/index.php:60
