[03-Dec-2018 22:55:17 UTC] PHP Warning:  include(../../../inc.dbConnection.php): failed to open stream: No such file or directory in /home/ubuntu/workspace/cst336/labs/lab10/pets/pets.php on line 3
[03-Dec-2018 22:55:17 UTC] PHP Stack trace:
[03-Dec-2018 22:55:17 UTC] PHP   1. {main}() /home/ubuntu/workspace/cst336/labs/lab10/pets/pets.php:0
[03-Dec-2018 22:55:17 UTC] PHP Warning:  include(): Failed opening '../../../inc.dbConnection.php' for inclusion (include_path='.:/usr/share/php:/usr/share/pear') in /home/ubuntu/workspace/cst336/labs/lab10/pets/pets.php on line 3
[03-Dec-2018 22:55:17 UTC] PHP Stack trace:
[03-Dec-2018 22:55:17 UTC] PHP   1. {main}() /home/ubuntu/workspace/cst336/labs/lab10/pets/pets.php:0
[03-Dec-2018 22:55:17 UTC] PHP Fatal error:  Call to undefined function startConnection() in /home/ubuntu/workspace/cst336/labs/lab10/pets/pets.php on line 4
[03-Dec-2018 22:55:17 UTC] PHP Stack trace:
[03-Dec-2018 22:55:17 UTC] PHP   1. {main}() /home/ubuntu/workspace/cst336/labs/lab10/pets/pets.php:0
[03-Dec-2018 22:55:42 UTC] PHP Fatal error:  Uncaught exception 'PDOException' with message 'SQLSTATE[42S02]: Base table or view not found: 1146 Table 'c9.pets' doesn't exist' in /home/ubuntu/workspace/cst336/labs/lab10/pets/pets.php:12
Stack trace:
#0 /home/ubuntu/workspace/cst336/labs/lab10/pets/pets.php(12): PDOStatement->execute()
#1 /home/ubuntu/workspace/cst336/labs/lab10/pets/pets.php(43): getAllPets()
#2 {main}
  thrown in /home/ubuntu/workspace/cst336/labs/lab10/pets/pets.php on line 12
[03-Dec-2018 22:55:54 UTC] PHP Fatal error:  Uncaught exception 'PDOException' with message 'SQLSTATE[42S02]: Base table or view not found: 1146 Table 'ottermart.pets' doesn't exist' in /home/ubuntu/workspace/cst336/labs/lab10/pets/pets.php:12
Stack trace:
#0 /home/ubuntu/workspace/cst336/labs/lab10/pets/pets.php(12): PDOStatement->execute()
#1 /home/ubuntu/workspace/cst336/labs/lab10/pets/pets.php(43): getAllPets()
#2 {main}
  thrown in /home/ubuntu/workspace/cst336/labs/lab10/pets/pets.php on line 12
[03-Dec-2018 22:56:18 UTC] PHP Fatal error:  Uncaught exception 'PDOException' with message 'SQLSTATE[HY000] [1049] Unknown database 'pets'' in /home/ubuntu/workspace/cst336/inc/dbConnection.php:20
Stack trace:
#0 /home/ubuntu/workspace/cst336/inc/dbConnection.php(20): PDO->__construct('mysql:host=loca...', 'root', '')
#1 /home/ubuntu/workspace/cst336/labs/lab10/pets/pets.php(4): startConnection('pets')
#2 {main}
  thrown in /home/ubuntu/workspace/cst336/inc/dbConnection.php on line 20
[03-Dec-2018 22:56:38 UTC] PHP Fatal error:  Uncaught exception 'PDOException' with message 'SQLSTATE[HY000] [1049] Unknown database 'pets'' in /home/ubuntu/workspace/cst336/inc/dbConnection.php:20
Stack trace:
#0 /home/ubuntu/workspace/cst336/inc/dbConnection.php(20): PDO->__construct('mysql:host=loca...', 'root', '')
#1 /home/ubuntu/workspace/cst336/labs/lab10/pets/pets.php(4): startConnection('pets')
#2 {main}
  thrown in /home/ubuntu/workspace/cst336/inc/dbConnection.php on line 20
[03-Dec-2018 22:56:39 UTC] PHP Fatal error:  Uncaught exception 'PDOException' with message 'SQLSTATE[HY000] [1049] Unknown database 'pets'' in /home/ubuntu/workspace/cst336/inc/dbConnection.php:20
Stack trace:
#0 /home/ubuntu/workspace/cst336/inc/dbConnection.php(20): PDO->__construct('mysql:host=loca...', 'root', '')
#1 /home/ubuntu/workspace/cst336/labs/lab10/pets/pets.php(4): startConnection('pets')
#2 {main}
  thrown in /home/ubuntu/workspace/cst336/inc/dbConnection.php on line 20
[03-Dec-2018 22:56:48 UTC] PHP Fatal error:  Uncaught exception 'PDOException' with message 'SQLSTATE[42S02]: Base table or view not found: 1146 Table 'c9.pets' doesn't exist' in /home/ubuntu/workspace/cst336/labs/lab10/pets/pets.php:12
Stack trace:
#0 /home/ubuntu/workspace/cst336/labs/lab10/pets/pets.php(12): PDOStatement->execute()
#1 /home/ubuntu/workspace/cst336/labs/lab10/pets/pets.php(43): getAllPets()
#2 {main}
  thrown in /home/ubuntu/workspace/cst336/labs/lab10/pets/pets.php on line 12
[03-Dec-2018 22:58:38 UTC] PHP Fatal error:  Uncaught exception 'PDOException' with message 'SQLSTATE[42S02]: Base table or view not found: 1146 Table 'c9.pets' doesn't exist' in /home/ubuntu/workspace/cst336/labs/lab10/pets/pets.php:12
Stack trace:
#0 /home/ubuntu/workspace/cst336/labs/lab10/pets/pets.php(12): PDOStatement->execute()
#1 /home/ubuntu/workspace/cst336/labs/lab10/pets/pets.php(43): getAllPets()
#2 {main}
  thrown in /home/ubuntu/workspace/cst336/labs/lab10/pets/pets.php on line 12
[03-Dec-2018 22:59:01 UTC] PHP Fatal error:  Uncaught exception 'PDOException' with message 'SQLSTATE[HY000] [1049] Unknown database 'pets'' in /home/ubuntu/workspace/cst336/inc/dbConnection.php:19
Stack trace:
#0 /home/ubuntu/workspace/cst336/inc/dbConnection.php(19): PDO->__construct('mysql:host=loca...', 'root', '')
#1 /home/ubuntu/workspace/cst336/labs/lab10/pets/pets.php(4): startConnection('pets')
#2 {main}
  thrown in /home/ubuntu/workspace/cst336/inc/dbConnection.php on line 19
[03-Dec-2018 23:01:39 UTC] PHP Fatal error:  Uncaught exception 'PDOException' with message 'SQLSTATE[HY000] [1049] Unknown database 'heroku_99c4e8bbfb9022b'' in /home/ubuntu/workspace/cst336/inc/dbConnection.php:19
Stack trace:
#0 /home/ubuntu/workspace/cst336/inc/dbConnection.php(19): PDO->__construct('mysql:host=loca...', 'root', '')
#1 /home/ubuntu/workspace/cst336/labs/lab10/pets/pets.php(4): startConnection('heroku_99c4e8bb...')
#2 {main}
  thrown in /home/ubuntu/workspace/cst336/inc/dbConnection.php on line 19
[03-Dec-2018 23:13:26 UTC] PHP Warning:  Invalid argument supplied for foreach() in /home/ubuntu/workspace/cst336/labs/lab10/pets/pets.php on line 44
[03-Dec-2018 23:13:26 UTC] PHP Stack trace:
[03-Dec-2018 23:13:26 UTC] PHP   1. {main}() /home/ubuntu/workspace/cst336/labs/lab10/pets/pets.php:0
[03-Dec-2018 23:17:13 UTC] PHP Fatal error:  Uncaught exception 'PDOException' with message 'SQLSTATE[HY000] [1049] Unknown database 'c8'' in /home/ubuntu/workspace/cst336/inc/dbConnection.php:19
Stack trace:
#0 /home/ubuntu/workspace/cst336/inc/dbConnection.php(19): PDO->__construct('mysql:host=loca...', 'root', '')
#1 /home/ubuntu/workspace/cst336/labs/lab10/pets/pets.php(4): startConnection('c8')
#2 {main}
  thrown in /home/ubuntu/workspace/cst336/inc/dbConnection.php on line 19
[03-Dec-2018 23:21:03 UTC] PHP Fatal error:  Uncaught exception 'PDOException' with message 'SQLSTATE[42S02]: Base table or view not found: 1146 Table 'ottermart.pets' doesn't exist' in /home/ubuntu/workspace/cst336/labs/lab10/pets/pets.php:12
Stack trace:
#0 /home/ubuntu/workspace/cst336/labs/lab10/pets/pets.php(12): PDOStatement->execute()
#1 /home/ubuntu/workspace/cst336/labs/lab10/pets/pets.php(45): getAllPets()
#2 {main}
  thrown in /home/ubuntu/workspace/cst336/labs/lab10/pets/pets.php on line 12
[03-Dec-2018 23:25:11 UTC] PHP Fatal error:  Uncaught exception 'PDOException' with message 'SQLSTATE[42S22]: Column not found: 1054 Unknown column 'name' in 'order clause'' in /home/ubuntu/workspace/cst336/labs/lab10/pets/pets.php:12
Stack trace:
#0 /home/ubuntu/workspace/cst336/labs/lab10/pets/pets.php(12): PDOStatement->execute()
#1 /home/ubuntu/workspace/cst336/labs/lab10/pets/pets.php(44): getAllPets()
#2 {main}
  thrown in /home/ubuntu/workspace/cst336/labs/lab10/pets/pets.php on line 12
[03-Dec-2018 23:25:17 UTC] PHP Fatal error:  Uncaught exception 'PDOException' with message 'SQLSTATE[42S22]: Column not found: 1054 Unknown column 'name' in 'order clause'' in /home/ubuntu/workspace/cst336/labs/lab10/pets/pets.php:12
Stack trace:
#0 /home/ubuntu/workspace/cst336/labs/lab10/pets/pets.php(12): PDOStatement->execute()
#1 /home/ubuntu/workspace/cst336/labs/lab10/pets/pets.php(44): getAllPets()
#2 {main}
  thrown in /home/ubuntu/workspace/cst336/labs/lab10/pets/pets.php on line 12
[03-Dec-2018 23:27:20 UTC] PHP Fatal error:  Uncaught exception 'PDOException' with message 'SQLSTATE[42S22]: Column not found: 1054 Unknown column 'pname' in 'field list'' in /home/ubuntu/workspace/cst336/labs/lab10/pets/pets.php:12
Stack trace:
#0 /home/ubuntu/workspace/cst336/labs/lab10/pets/pets.php(12): PDOStatement->execute()
#1 /home/ubuntu/workspace/cst336/labs/lab10/pets/pets.php(44): getAllPets()
#2 {main}
  thrown in /home/ubuntu/workspace/cst336/labs/lab10/pets/pets.php on line 12
[03-Dec-2018 23:44:55 UTC] PHP Warning:  Division by zero in /home/ubuntu/workspace/cst336/labs/lab10/pets/pets.php on line 69
[03-Dec-2018 23:44:55 UTC] PHP Stack trace:
[03-Dec-2018 23:44:55 UTC] PHP   1. {main}() /home/ubuntu/workspace/cst336/labs/lab10/pets/pets.php:0
[03-Dec-2018 23:44:55 UTC] PHP Warning:  Division by zero in /home/ubuntu/workspace/cst336/labs/lab10/pets/pets.php on line 69
[03-Dec-2018 23:44:55 UTC] PHP Stack trace:
[03-Dec-2018 23:44:55 UTC] PHP   1. {main}() /home/ubuntu/workspace/cst336/labs/lab10/pets/pets.php:0
[03-Dec-2018 23:44:55 UTC] PHP Warning:  Division by zero in /home/ubuntu/workspace/cst336/labs/lab10/pets/pets.php on line 69
[03-Dec-2018 23:44:55 UTC] PHP Stack trace:
[03-Dec-2018 23:44:55 UTC] PHP   1. {main}() /home/ubuntu/workspace/cst336/labs/lab10/pets/pets.php:0
[03-Dec-2018 23:44:55 UTC] PHP Warning:  Division by zero in /home/ubuntu/workspace/cst336/labs/lab10/pets/pets.php on line 69
[03-Dec-2018 23:44:55 UTC] PHP Stack trace:
[03-Dec-2018 23:44:55 UTC] PHP   1. {main}() /home/ubuntu/workspace/cst336/labs/lab10/pets/pets.php:0
[03-Dec-2018 23:44:55 UTC] PHP Warning:  Division by zero in /home/ubuntu/workspace/cst336/labs/lab10/pets/pets.php on line 69
[03-Dec-2018 23:44:55 UTC] PHP Stack trace:
[03-Dec-2018 23:44:55 UTC] PHP   1. {main}() /home/ubuntu/workspace/cst336/labs/lab10/pets/pets.php:0
[03-Dec-2018 23:44:55 UTC] PHP Warning:  Division by zero in /home/ubuntu/workspace/cst336/labs/lab10/pets/pets.php on line 69
[03-Dec-2018 23:44:55 UTC] PHP Stack trace:
[03-Dec-2018 23:44:55 UTC] PHP   1. {main}() /home/ubuntu/workspace/cst336/labs/lab10/pets/pets.php:0
[03-Dec-2018 23:45:44 UTC] PHP Warning:  Division by zero in /home/ubuntu/workspace/cst336/labs/lab10/pets/pets.php on line 69
[03-Dec-2018 23:45:44 UTC] PHP Stack trace:
[03-Dec-2018 23:45:44 UTC] PHP   1. {main}() /home/ubuntu/workspace/cst336/labs/lab10/pets/pets.php:0
[03-Dec-2018 23:45:44 UTC] PHP Warning:  Division by zero in /home/ubuntu/workspace/cst336/labs/lab10/pets/pets.php on line 69
[03-Dec-2018 23:45:44 UTC] PHP Stack trace:
[03-Dec-2018 23:45:44 UTC] PHP   1. {main}() /home/ubuntu/workspace/cst336/labs/lab10/pets/pets.php:0
[03-Dec-2018 23:45:44 UTC] PHP Warning:  Division by zero in /home/ubuntu/workspace/cst336/labs/lab10/pets/pets.php on line 69
[03-Dec-2018 23:45:44 UTC] PHP Stack trace:
[03-Dec-2018 23:45:44 UTC] PHP   1. {main}() /home/ubuntu/workspace/cst336/labs/lab10/pets/pets.php:0
[03-Dec-2018 23:45:44 UTC] PHP Warning:  Division by zero in /home/ubuntu/workspace/cst336/labs/lab10/pets/pets.php on line 69
[03-Dec-2018 23:45:44 UTC] PHP Stack trace:
[03-Dec-2018 23:45:44 UTC] PHP   1. {main}() /home/ubuntu/workspace/cst336/labs/lab10/pets/pets.php:0
[03-Dec-2018 23:45:44 UTC] PHP Warning:  Division by zero in /home/ubuntu/workspace/cst336/labs/lab10/pets/pets.php on line 69
[03-Dec-2018 23:45:44 UTC] PHP Stack trace:
[03-Dec-2018 23:45:44 UTC] PHP   1. {main}() /home/ubuntu/workspace/cst336/labs/lab10/pets/pets.php:0
[03-Dec-2018 23:45:44 UTC] PHP Warning:  Division by zero in /home/ubuntu/workspace/cst336/labs/lab10/pets/pets.php on line 69
[03-Dec-2018 23:45:44 UTC] PHP Stack trace:
[03-Dec-2018 23:45:44 UTC] PHP   1. {main}() /home/ubuntu/workspace/cst336/labs/lab10/pets/pets.php:0
[03-Dec-2018 23:46:26 UTC] PHP Warning:  Division by zero in /home/ubuntu/workspace/cst336/labs/lab10/pets/pets.php on line 69
[03-Dec-2018 23:46:26 UTC] PHP Stack trace:
[03-Dec-2018 23:46:26 UTC] PHP   1. {main}() /home/ubuntu/workspace/cst336/labs/lab10/pets/pets.php:0
[03-Dec-2018 23:46:26 UTC] PHP Warning:  Division by zero in /home/ubuntu/workspace/cst336/labs/lab10/pets/pets.php on line 69
[03-Dec-2018 23:46:26 UTC] PHP Stack trace:
[03-Dec-2018 23:46:26 UTC] PHP   1. {main}() /home/ubuntu/workspace/cst336/labs/lab10/pets/pets.php:0
[03-Dec-2018 23:46:26 UTC] PHP Warning:  Division by zero in /home/ubuntu/workspace/cst336/labs/lab10/pets/pets.php on line 69
[03-Dec-2018 23:46:26 UTC] PHP Stack trace:
[03-Dec-2018 23:46:26 UTC] PHP   1. {main}() /home/ubuntu/workspace/cst336/labs/lab10/pets/pets.php:0
[03-Dec-2018 23:46:26 UTC] PHP Warning:  Division by zero in /home/ubuntu/workspace/cst336/labs/lab10/pets/pets.php on line 69
[03-Dec-2018 23:46:26 UTC] PHP Stack trace:
[03-Dec-2018 23:46:26 UTC] PHP   1. {main}() /home/ubuntu/workspace/cst336/labs/lab10/pets/pets.php:0
[03-Dec-2018 23:46:26 UTC] PHP Warning:  Division by zero in /home/ubuntu/workspace/cst336/labs/lab10/pets/pets.php on line 69
[03-Dec-2018 23:46:26 UTC] PHP Stack trace:
[03-Dec-2018 23:46:26 UTC] PHP   1. {main}() /home/ubuntu/workspace/cst336/labs/lab10/pets/pets.php:0
[03-Dec-2018 23:46:26 UTC] PHP Warning:  Division by zero in /home/ubuntu/workspace/cst336/labs/lab10/pets/pets.php on line 69
[03-Dec-2018 23:46:26 UTC] PHP Stack trace:
[03-Dec-2018 23:46:26 UTC] PHP   1. {main}() /home/ubuntu/workspace/cst336/labs/lab10/pets/pets.php:0
